c:\users\wangye\documents\我的代码\lintcode\consoleapplication1\consoleapplication1\debug\consoleapplication1.pch
c:\users\wangye\documents\我的代码\lintcode\consoleapplication1\consoleapplication1\debug\vc140.pdb
c:\users\wangye\documents\我的代码\lintcode\consoleapplication1\consoleapplication1\debug\vc140.idb
c:\users\wangye\documents\我的代码\lintcode\consoleapplication1\consoleapplication1\debug\stdafx.obj
c:\users\wangye\documents\我的代码\lintcode\consoleapplication1\consoleapplication1\debug\consoleapplication1.obj
c:\users\wangye\documents\我的代码\lintcode\consoleapplication1\consoleapplication1\debug\no158.obj
c:\users\wangye\documents\我的代码\lintcode\consoleapplication1\consoleapplication1\debug\no55.obj
c:\users\wangye\documents\我的代码\lintcode\consoleapplication1\consoleapplication1\debug\no13strstrkmp.obj
c:\users\wangye\documents\我的代码\lintcode\consoleapplication1\consoleapplication1\debug\no158anagram.obj
c:\users\wangye\documents\我的代码\lintcode\consoleapplication1\consoleapplication1\debug\no55comparestrings.obj
c:\users\wangye\documents\我的代码\lintcode\consoleapplication1\consoleapplication1\debug\no171anagrams.obj
c:\users\wangye\documents\我的代码\lintcode\consoleapplication1\consoleapplication1\debug\no79longestcommonsubstring.obj
c:\users\wangye\documents\我的代码\lintcode\consoleapplication1\consoleapplication1\debug\no78longestcommonprefix.obj
c:\users\wangye\documents\我的代码\lintcode\consoleapplication1\consoleapplication1\debug\no54atoi.obj
c:\users\wangye\documents\我的代码\lintcode\consoleapplication1\consoleapplication1\debug\no172removeelement.obj
c:\users\wangye\documents\我的代码\lintcode\consoleapplication1\consoleapplication1\debug\no138subarraysum.obj
c:\users\wangye\documents\我的代码\lintcode\consoleapplication1\consoleapplication1\debug\no100removeduplicates.obj
c:\users\wangye\documents\我的代码\lintcode\consoleapplication1\consoleapplication1\debug\no64mergesortedarray.obj
c:\users\wangye\documents\我的代码\lintcode\consoleapplication1\consoleapplication1\debug\no56twosum.obj
c:\users\wangye\documents\我的代码\lintcode\consoleapplication1\consoleapplication1\debug\no50productexcludeitself.obj
c:\users\wangye\documents\我的代码\lintcode\consoleapplication1\consoleapplication1\debug\no189firstmissingpositive.obj
c:\users\wangye\documents\我的代码\lintcode\consoleapplication1\consoleapplication1\debug\no59threesumclosest.obj
c:\users\wangye\documents\我的代码\lintcode\consoleapplication1\consoleapplication1\debug\no57threesum.obj
c:\users\wangye\documents\我的代码\lintcode\consoleapplication1\consoleapplication1\debug\no31class solution.obj
c:\users\wangye\documents\我的代码\lintcode\consoleapplication1\consoleapplication1\debug\no101removeduplicates.obj
c:\users\wangye\documents\我的代码\lintcode\consoleapplication1\consoleapplication1\debug\no6mergesortedarray.obj
c:\users\wangye\documents\我的代码\lintcode\consoleapplication1\consoleapplication1\debug\no139subarraysumclosest.obj
c:\users\wangye\documents\我的代码\lintcode\consoleapplication1\consoleapplication1\debug\no141sqrt.obj
c:\users\wangye\documents\我的代码\lintcode\consoleapplication1\consoleapplication1\debug\no60searchinsert.obj
c:\users\wangye\documents\我的代码\lintcode\consoleapplication1\consoleapplication1\debug\no28searchmatrix.obj
c:\users\wangye\documents\我的代码\lintcode\consoleapplication1\consoleapplication1\debug\no31partitionarray.obj
c:\users\wangye\documents\我的代码\lintcode\consoleapplication1\consoleapplication1\debug\no14binarysearch.obj
c:\users\wangye\documents\我的代码\lintcode\consoleapplication1\consoleapplication1\debug\no159findmin.obj
c:\users\wangye\documents\我的代码\lintcode\consoleapplication1\consoleapplication1\debug\no75findpeak.obj
c:\users\wangye\documents\我的代码\lintcode\consoleapplication1\consoleapplication1\debug\no62search.obj
c:\users\wangye\documents\我的代码\lintcode\consoleapplication1\consoleapplication1\debug\no74findfirstbadversion.obj
c:\users\wangye\documents\我的代码\lintcode\consoleapplication1\consoleapplication1\debug\no61searchrange.obj
c:\users\wangye\documents\我的代码\lintcode\consoleapplication1\consoleapplication1\debug\no183woodcut.obj
c:\users\wangye\documents\我的代码\lintcode\consoleapplication1\consoleapplication1\debug\no160findmin2.obj
c:\users\wangye\documents\我的代码\lintcode\consoleapplication1\consoleapplication1\debug\no63search2.obj
c:\users\wangye\documents\我的代码\lintcode\consoleapplication1\consoleapplication1\debug\no38searchmatrix2.obj
c:\users\wangye\documents\我的代码\lintcode\consoleapplication1\consoleapplication1\debug\no181bitswaprequired.obj
c:\users\wangye\documents\我的代码\lintcode\consoleapplication1\consoleapplication1\debug\no142checkpowerof2.obj
c:\users\wangye\documents\我的代码\lintcode\consoleapplication1\consoleapplication1\debug\no2trailingzeros.obj
c:\users\wangye\documents\我的代码\lintcode\consoleapplication1\consoleapplication1\debug\no179updatebits.obj
c:\users\wangye\documents\我的代码\lintcode\consoleapplication1\consoleapplication1\debug\no163numtrees.obj
c:\users\wangye\documents\我的代码\lintcode\consoleapplication1\consoleapplication1\debug\no140fastpower.obj
c:\users\wangye\documents\我的代码\lintcode\consoleapplication1\consoleapplication1\debug\no180binaryrepresentation.obj
c:\users\wangye\documents\我的代码\lintcode\consoleapplication1\consoleapplication1\debug\no82singlenumber.obj
c:\users\wangye\documents\我的代码\lintcode\consoleapplication1\consoleapplication1\debug\no46majoritynumber.obj
c:\users\wangye\documents\我的代码\lintcode\consoleapplication1\consoleapplication1\debug\no187cancompletecircuit.obj
c:\users\wangye\documents\我的代码\lintcode\consoleapplication1\consoleapplication1\debug\no184largestnumber.obj
c:\users\wangye\documents\我的代码\lintcode\consoleapplication1\consoleapplication1\debug\no182deletedigits.obj
c:\users\wangye\documents\我的代码\lintcode\consoleapplication1\consoleapplication1\debug\no116canjump.obj
c:\users\wangye\documents\我的代码\lintcode\consoleapplication1\consoleapplication1\debug\no52nextpermutation.obj
c:\users\wangye\documents\我的代码\lintcode\consoleapplication1\consoleapplication1\debug\no165mergetwolists.obj
c:\users\wangye\documents\我的代码\lintcode\consoleapplication1\consoleapplication1\debug\no174removenthfromend.obj
c:\users\wangye\documents\我的代码\lintcode\consoleapplication1\consoleapplication1\debug\no35reverse.obj
c:\users\wangye\documents\我的代码\lintcode\consoleapplication1\consoleapplication1\debug\no96partition.obj
c:\users\wangye\documents\我的代码\lintcode\consoleapplication1\consoleapplication1\debug\no106sortedlisttobst.obj
c:\users\wangye\documents\我的代码\lintcode\consoleapplication1\consoleapplication1\debug\no112deleteduplicates.obj
c:\users\wangye\documents\我的代码\lintcode\consoleapplication1\consoleapplication1\debug\no66preordertraversal.obj
c:\users\wangye\documents\我的代码\lintcode\consoleapplication1\consoleapplication1\debug\no69levelorder.obj
c:\users\wangye\documents\我的代码\lintcode\consoleapplication1\consoleapplication1\debug\no73buildtree.obj
c:\users\wangye\documents\我的代码\lintcode\consoleapplication1\consoleapplication1\debug\no85insertnode.obj
c:\users\wangye\documents\我的代码\lintcode\consoleapplication1\consoleapplication1\debug\no93isbalanced.obj
c:\users\wangye\documents\我的代码\lintcode\consoleapplication1\consoleapplication1\debug\no95isvalidbst.obj
c:\users\wangye\documents\我的代码\lintcode\consoleapplication1\consoleapplication1\debug\no97maxdepth.obj
c:\users\wangye\documents\我的代码\lintcode\consoleapplication1\consoleapplication1\debug\no98sortlist.obj
c:\users\wangye\documents\我的代码\lintcode\consoleapplication1\consoleapplication1\debug\no99reorderlist.obj
c:\users\wangye\documents\我的代码\lintcode\consoleapplication1\consoleapplication1\debug\no170rotateright.obj
c:\users\wangye\documents\我的代码\lintcode\consoleapplication1\consoleapplication1\debug\no102hascycle.obj
c:\users\wangye\documents\我的代码\lintcode\consoleapplication1\consoleapplication1\debug\no105copyrandomlist.obj
c:\users\wangye\documents\我的代码\lintcode\consoleapplication1\consoleapplication1\debug\no11searchrange.obj
c:\users\wangye\documents\我的代码\lintcode\consoleapplication1\consoleapplication1\debug\no7serialize.obj
c:\users\wangye\documents\我的代码\lintcode\consoleapplication1\debug\consoleapplication1.ilk
c:\users\wangye\documents\我的代码\lintcode\consoleapplication1\debug\consoleapplication1.exe
c:\users\wangye\documents\我的代码\lintcode\consoleapplication1\debug\consoleapplication1.pdb
c:\users\wangye\documents\我的代码\lintcode\consoleapplication1\consoleapplication1\debug\consolea.e3414155.tlog\cl.command.1.tlog
c:\users\wangye\documents\我的代码\lintcode\consoleapplication1\consoleapplication1\debug\consolea.e3414155.tlog\cl.read.1.tlog
c:\users\wangye\documents\我的代码\lintcode\consoleapplication1\consoleapplication1\debug\consolea.e3414155.tlog\cl.write.1.tlog
c:\users\wangye\documents\我的代码\lintcode\consoleapplication1\consoleapplication1\debug\consolea.e3414155.tlog\link.command.1.tlog
c:\users\wangye\documents\我的代码\lintcode\consoleapplication1\consoleapplication1\debug\consolea.e3414155.tlog\link.read.1.tlog
c:\users\wangye\documents\我的代码\lintcode\consoleapplication1\consoleapplication1\debug\consolea.e3414155.tlog\link.write.1.tlog
